<?xml version="1.0" encoding="UTF-8"?>
<testng-results skipped="0" failed="0" ignored="0" total="1" passed="1">
  <reporter-output>
    <line>
      <![CDATA[
***Test Case : TC1]]>
    </line>
    <line>
      <![CDATA[
**Step : 2Initialize chrome browser with url : http://demo.guru99.com/test/newtours/register.php]]>
    </line>
    <line>
      <![CDATA[
**Step : 21--Step Executed : Keyword: SelectByIndex; Locator: name'=country; Data: 4.0; Colour: NOFILL**]]>
    </line>
  </reporter-output>
  <suite name="Default suite" duration-ms="30856" started-at="2018-08-26T15:26:42Z" finished-at="2018-08-26T15:27:12Z">
    <groups>
    </groups>
    <test name="Default test" duration-ms="30856" started-at="2018-08-26T15:26:42Z" finished-at="2018-08-26T15:27:12Z">
      <class name="util.readexcel.ExecuteTestCaseTestNG">
        <test-method status="PASS" signature="test(util.readexcel.TestCaseClass)[pri:0, instance:util.readexcel.ExecuteTestCaseTestNG@21be3395]" name="test" duration-ms="30775" started-at="2018-08-26T20:56:42Z" data-provider="Passing List of TestCases" finished-at="2018-08-26T20:57:12Z">
          <params>
            <param index="0">
              <value>
                <![CDATA[TC1]]>
              </value>
            </param>
          </params>
          <reporter-output>
            <line>
              <![CDATA[
***Test Case : TC1]]>
            </line>
            <line>
              <![CDATA[
**Step : 2Initialize chrome browser with url : http://demo.guru99.com/test/newtours/register.php]]>
            </line>
            <line>
              <![CDATA[
**Step : 21--Step Executed : Keyword: SelectByIndex; Locator: name'=country; Data: 4.0; Colour: NOFILL**]]>
            </line>
          </reporter-output>
        </test-method> <!-- test -->
        <test-method status="PASS" signature="afterSuite()[pri:0, instance:util.readexcel.ExecuteTestCaseTestNG@21be3395]" name="afterSuite" is-config="true" duration-ms="1" started-at="2018-08-26T20:57:13Z" finished-at="2018-08-26T20:57:13Z">
          <reporter-output>
          </reporter-output>
        </test-method> <!-- afterSuite -->
      </class> <!-- util.readexcel.ExecuteTestCaseTestNG -->
    </test> <!-- Default test -->
  </suite> <!-- Default suite -->
</testng-results>
